<?xml version="1.0" encoding="UTF-8"?>
<testsuite xmlns:xsi="http://www.w3.org/2001/XMLSchema-instance" xsi:noNamespaceSchemaLocation="https://maven.apache.org/surefire/maven-surefire-plugin/xsd/surefire-test-report.xsd" name="ninja.kungraseri.kunglandia.KunglandiaPluginTest" time="0.049" tests="1" errors="0" skipped="0" failures="0">
  <properties>
    <property name="sun.desktop" value="windows"/>
    <property name="awt.toolkit" value="sun.awt.windows.WToolkit"/>
    <property name="java.specification.version" value="11"/>
    <property name="sun.cpu.isalist" value="amd64"/>
    <property name="sun.jnu.encoding" value="Cp1252"/>
    <property name="java.class.path" value="C:\code\kunglandiarpg\target\test-classes;C:\code\kunglandiarpg\target\classes;C:\Users\jhomer\.m2\repository\junit\junit\4.11\junit-4.11.jar;C:\Users\jhomer\.m2\repository\org\hamcrest\hamcrest-core\1.3\hamcrest-core-1.3.jar;C:\Users\jhomer\.m2\repository\org\spigotmc\spigot-api\1.12.2-R0.1-SNAPSHOT\spigot-api-1.12.2-R0.1-SNAPSHOT.jar;C:\Users\jhomer\.m2\repository\commons-lang\commons-lang\2.6\commons-lang-2.6.jar;C:\Users\jhomer\.m2\repository\com\googlecode\json-simple\json-simple\1.1.1\json-simple-1.1.1.jar;C:\Users\jhomer\.m2\repository\com\google\guava\guava\21.0\guava-21.0.jar;C:\Users\jhomer\.m2\repository\com\google\code\gson\gson\2.8.0\gson-2.8.0.jar;C:\Users\jhomer\.m2\repository\org\yaml\snakeyaml\1.19\snakeyaml-1.19.jar;C:\Users\jhomer\.m2\repository\net\md-5\bungeecord-chat\1.12-SNAPSHOT\bungeecord-chat-1.12-SNAPSHOT.jar;C:\Users\jhomer\.m2\repository\org\bukkit\bukkit\1.12.2-R0.1-SNAPSHOT\bukkit-1.12.2-R0.1-SNAPSHOT.jar;"/>
    <property name="java.vm.vendor" value="Oracle Corporation"/>
    <property name="sun.arch.data.model" value="64"/>
    <property name="user.variant" value=""/>
    <property name="java.vendor.url" value="http://java.oracle.com/"/>
    <property name="user.timezone" value="America/Los_Angeles"/>
    <property name="java.vm.specification.version" value="11"/>
    <property name="os.name" value="Windows 10"/>
    <property name="sun.java.launcher" value="SUN_STANDARD"/>
    <property name="user.country" value="US"/>
    <property name="sun.boot.library.path" value="C:\Program Files\Java\jdk-11\bin"/>
    <property name="sun.java.command" value="C:\Users\jhomer\AppData\Local\Temp\surefire6730775987217888459\surefirebooter302451083601360428.jar C:\Users\jhomer\AppData\Local\Temp\surefire6730775987217888459 2018-10-03T12-02-26_304-jvmRun1 surefire11067575763063335237tmp surefire_02942441678097081452tmp"/>
    <property name="jdk.debug" value="release"/>
    <property name="surefire.test.class.path" value="C:\code\kunglandiarpg\target\test-classes;C:\code\kunglandiarpg\target\classes;C:\Users\jhomer\.m2\repository\junit\junit\4.11\junit-4.11.jar;C:\Users\jhomer\.m2\repository\org\hamcrest\hamcrest-core\1.3\hamcrest-core-1.3.jar;C:\Users\jhomer\.m2\repository\org\spigotmc\spigot-api\1.12.2-R0.1-SNAPSHOT\spigot-api-1.12.2-R0.1-SNAPSHOT.jar;C:\Users\jhomer\.m2\repository\commons-lang\commons-lang\2.6\commons-lang-2.6.jar;C:\Users\jhomer\.m2\repository\com\googlecode\json-simple\json-simple\1.1.1\json-simple-1.1.1.jar;C:\Users\jhomer\.m2\repository\com\google\guava\guava\21.0\guava-21.0.jar;C:\Users\jhomer\.m2\repository\com\google\code\gson\gson\2.8.0\gson-2.8.0.jar;C:\Users\jhomer\.m2\repository\org\yaml\snakeyaml\1.19\snakeyaml-1.19.jar;C:\Users\jhomer\.m2\repository\net\md-5\bungeecord-chat\1.12-SNAPSHOT\bungeecord-chat-1.12-SNAPSHOT.jar;C:\Users\jhomer\.m2\repository\org\bukkit\bukkit\1.12.2-R0.1-SNAPSHOT\bukkit-1.12.2-R0.1-SNAPSHOT.jar;"/>
    <property name="sun.cpu.endian" value="little"/>
    <property name="user.home" value="C:\Users\jhomer"/>
    <property name="user.language" value="en"/>
    <property name="java.specification.vendor" value="Oracle Corporation"/>
    <property name="java.version.date" value="2018-09-25"/>
    <property name="java.home" value="C:\Program Files\Java\jdk-11"/>
    <property name="file.separator" value="\"/>
    <property name="basedir" value="C:\code\kunglandiarpg"/>
    <property name="java.vm.compressedOopsMode" value="Zero based"/>
    <property name="line.separator" value="&#10;"/>
    <property name="java.specification.name" value="Java Platform API Specification"/>
    <property name="java.vm.specification.vendor" value="Oracle Corporation"/>
    <property name="java.awt.graphicsenv" value="sun.awt.Win32GraphicsEnvironment"/>
    <property name="surefire.real.class.path" value="C:\Users\jhomer\AppData\Local\Temp\surefire6730775987217888459\surefirebooter302451083601360428.jar"/>
    <property name="user.script" value=""/>
    <property name="sun.management.compiler" value="HotSpot 64-Bit Tiered Compilers"/>
    <property name="java.runtime.version" value="11+28"/>
    <property name="user.name" value="jhomer"/>
    <property name="path.separator" value=";"/>
    <property name="os.version" value="10.0"/>
    <property name="java.runtime.name" value="Java(TM) SE Runtime Environment"/>
    <property name="file.encoding" value="Cp1252"/>
    <property name="java.vm.name" value="Java HotSpot(TM) 64-Bit Server VM"/>
    <property name="java.vendor.version" value="18.9"/>
    <property name="localRepository" value="C:\Users\jhomer\.m2\repository"/>
    <property name="java.vendor.url.bug" value="http://bugreport.java.com/bugreport/"/>
    <property name="java.io.tmpdir" value="C:\Users\jhomer\AppData\Local\Temp\"/>
    <property name="idea.version" value="2018.2.4"/>
    <property name="java.version" value="11"/>
    <property name="user.dir" value="C:\code\kunglandiarpg"/>
    <property name="os.arch" value="amd64"/>
    <property name="java.vm.specification.name" value="Java Virtual Machine Specification"/>
    <property name="java.awt.printerjob" value="sun.awt.windows.WPrinterJob"/>
    <property name="sun.os.patch.level" value=""/>
    <property name="java.library.path" value="C:\Program Files\Java\jdk-11\bin;C:\WINDOWS\Sun\Java\bin;C:\WINDOWS\system32;C:\WINDOWS;C:\Program Files (x86)\Google\Chrome\Application;C:\Program Files\Microsoft MPI\Bin\;C:\Program Files (x86)\RSA SecurID Token Common;C:\Program Files (x86)\Intel\iCLS Client\;C:\Program Files\Intel\iCLS Client\;C:\WINDOWS\system32;C:\WINDOWS;C:\WINDOWS\System32\Wbem;C:\WINDOWS\System32\WindowsPowerShell\v1.0\;C:\Program Files (x86)\Interactive Intelligence\ININ Trace Initialization\;C:\Program Files (x86)\Interactive Intelligence\ICUserApps\;C:\Program Files\Interactive Intelligence\ICUserApps\;C:\Program Files\Interactive Intelligence\;C:\Program Files\Intel\WiFi\bin\;C:\Program Files\Common Files\Intel\WirelessCommon\;C:\Program Files (x86)\Intel\Intel(R) Management Engine Components\DAL;C:\Program Files\Intel\Intel(R) Management Engine Components\DAL;C:\Program Files (x86)\Intel\Intel(R) Management Engine Components\IPT;C:\Program Files\Intel\Intel(R) Management Engine Components\IPT;C:\Program Files (x86)\PDFtk\bin\;C:\WINDOWS\System32\OpenSSH\;C:\Program Files (x86)\ZeroTier\One\;C:\Program Files\dotnet\;C:\Program Files\Microsoft SQL Server\130\Tools\Binn\;C:\ProgramData\chocolatey\bin;C:\Program Files\nodejs\;C:\Program Files (x86)\Yarn\bin\;C:\Program Files\Git\cmd;C:\Program Files\Microsoft SQL Server\Client SDK\ODBC\130\Tools\Binn\;C:\Program Files (x86)\Microsoft SQL Server\140\Tools\Binn\;C:\Program Files\Microsoft SQL Server\140\Tools\Binn\;C:\Program Files\Microsoft SQL Server\140\DTS\Binn\;C:\Program Files (x86)\Microsoft SQL Server\140\DTS\Binn\;C:\Program Files (x86)\Microsoft SQL Server\150\DTS\Binn\;C:\Users\jhomer\AppData\Local\Microsoft\WindowsApps;;C:\Users\jhomer\AppData\Local\Programs\Microsoft VS Code\bin;C:\Users\jhomer\AppData\Roaming\npm;C:\Users\jhomer\AppData\Local\Yarn\bin;."/>
    <property name="java.vendor" value="Oracle Corporation"/>
    <property name="java.vm.info" value="mixed mode"/>
    <property name="java.vm.version" value="11+28"/>
    <property name="sun.io.unicode.encoding" value="UnicodeLittle"/>
    <property name="java.class.version" value="55.0"/>
  </properties>
  <testcase name="shouldAnswerWithTrue" classname="ninja.kungraseri.kunglandia.KunglandiaPluginTest" time="0.003"/>
</testsuite>